<?xml version="1.0" encoding="UTF-8"?>
<!-- Generated by org.testng.reporters.JUnitReportReporter -->
<testsuite hostname="jioTestDevices-MacBook-Air-2.local" name="com.appium.tests.Runner" tests="1" failures="0" timestamp="8 Jun 2016 10:25:29 GMT" time="20.374" errors="0">
  <testcase name="testRunner" time="20.374" classname="com.appium.tests.Runner"/>
</testsuite> <!-- com.appium.tests.Runner -->
